1. Создайте на сервере для 1 практики ключ ssh при помощи программы ssh-keygen. 

	Решение: Заходим на первый сервер и выполняем команду, просто продолжаем соглашаться со всеми предложениями.

~~~~~~~~~~~~~~~~~~~~~~~~~~~~~~~~~~~~~~~~~~~~~~~~~~~~~~~~~~~~~~~~~~~~~~~~~~~~~~~~~~~~~~~~~~~~~~~~~~~~~~~~~~~~~~~~~~~~~~~~~~~~~~~~~~~~~~~~~~~~~~~~~~~~~~~~~~~~~~~~~~~~~~~~~~~~~~~~~~~~~~~~

2. Скопируйте созданный ключ на сервер для 2 практики для пользователя root при помощи программы ssh-copy-id. 

	Решение: просто используем ssh-copy-key root@172.16.9.180.

~~~~~~~~~~~~~~~~~~~~~~~~~~~~~~~~~~~~~~~~~~~~~~~~~~~~~~~~~~~~~~~~~~~~~~~~~~~~~~~~~~~~~~~~~~~~~~~~~~~~~~~~~~~~~~~~~~~~~~~~~~~~~~~~~~~~~~~~~~~~~~~~~~~~~~~~~~~~~~~~~~~~~~~~~~~~~~~~~~~~~~~~

3. Подключитесь к серверу для 2 практики под пользователем root и сравните содержимое файла
открытого ключа на сервере 1 ~/.ssh/*.pub и файла ~/.ssh/authorized_keys на сервере для 2
практики, а так же права доступа для каждого из файлов. 

	Решение: Открываем два файла (cat) и убеждаемся, что ключи идентичны. Скриншоты сравнения будут в документе.

~~~~~~~~~~~~~~~~~~~~~~~~~~~~~~~~~~~~~~~~~~~~~~~~~~~~~~~~~~~~~~~~~~~~~~~~~~~~~~~~~~~~~~~~~~~~~~~~~~~~~~~~~~~~~~~~~~~~~~~~~~~~~~~~~~~~~~~~~~~~~~~~~~~~~~~~~~~~~~~~~~~~~~~~~~~~~~~~~~~~~~~

4. Создайте пользователя user1 при помощи команды useradd, укажите необходимость создания
домашнего каталога и shell /bin/bash. Создайте пароль пользователю user1. 
	
	Решение: Создаем пользователя с помощью sudo useradd -m -s /bin/bash user1. -m создает домашнюю директорию в /home, -s даёт доступ к /bin/bash (По умолчанию /bin/sh)

~~~~~~~~~~~~~~~~~~~~~~~~~~~~~~~~~~~~~~~~~~~~~~~~~~~~~~~~~~~~~~~~~~~~~~~~~~~~~~~~~~~~~~~~~~~~~~~~~~~~~~~~~~~~~~~~~~~~~~~~~~~~~~~~~~~~~~~~~~~~~~~~~~~~~~~~~~~~~~~~~~~~~~~~~~~~~~~~~~~~~~~

5. Создайте пользователя user2 и user3 при помощи команды adduser. 

	Решение: sudo adduser2 и sudo adduser3

~~~~~~~~~~~~~~~~~~~~~~~~~~~~~~~~~~~~~~~~~~~~~~~~~~~~~~~~~~~~~~~~~~~~~~~~~~~~~~~~~~~~~~~~~~~~~~~~~~~~~~~~~~~~~~~~~~~~~~~~~~~~~~~~~~~~~~~~~~~~~~~~~~~~~~~~~~~~~~~~~~~~~~~~~~~~~~~~~~~~~~~

6. Для пользователя user3 смените shell на /usr/sbin/nologin, выполните вход под этим пользователем при помощи утилиты su, сначала без дополнительных параметров, 
затем с явным указанием shell /bin/bash в параметрах su. Выполните logout. 
	
	Решение:  Для начала меняем shell для user3 при помощи usermod -s /usr/bin/bash user3, далее пробуем войти с помощью su user3,
	но наблюдаем "fatal: The user `user3' already exists.", так как мы меняли ему оболочку. После этого указываем 
	/bin/bash - su -s /bin/bash user3. Выполняем logout с помощью exit.

~~~~~~~~~~~~~~~~~~~~~~~~~~~~~~~~~~~~~~~~~~~~~~~~~~~~~~~~~~~~~~~~~~~~~~~~~~~~~~~~~~~~~~~~~~~~~~~~~~~~~~~~~~~~~~~~~~~~~~~~~~~~~~~~~~~~~~~~~~~~~~~~~~~~~~~~~~~~~~~~~~~~~~~~~~~~~~~~~~~~~~~

7. Создайте новую группу и добавьте её для всех пользователей user* как дополнительную, посмотрите список групп всех пользователей user*

	Решение: Создаём группу при помощи groupadd new_group → поочередно добавляем пользователей в группу gpasswd -a user’1,2,3’ new_group.
	Смотрим список групп при помощи cat /etc/group.

~~~~~~~~~~~~~~~~~~~~~~~~~~~~~~~~~~~~~~~~~~~~~~~~~~~~~~~~~~~~~~~~~~~~~~~~~~~~~~~~~~~~~~~~~~~~~~~~~~~~~~~~~~~~~~~~~~~~~~~~~~~~~~~~~~~~~~~~~~~~~~~~~~~~~~~~~~~~~~~~~~~~~~~~~~~~~~~~~~~~~~~

9. Создайте каталог /opt/share и назначьте группу из предыдущего пункта его владельцем, установите на этот каталог бит SGID, права для группы rwx.

	Решение: mkdir /opt/share → sudo chown :new_group /opt/share → sudo chmod g+rwxs /opt/share

~~~~~~~~~~~~~~~~~~~~~~~~~~~~~~~~~~~~~~~~~~~~~~~~~~~~~~~~~~~~~~~~~~~~~~~~~~~~~~~~~~~~~~~~~~~~~~~~~~~~~~~~~~~~~~~~~~~~~~~~~~~~~~~~~~~~~~~~~~~~~~~~~~~~~~~~~~~~~~~~~~~~~~~~~~~~~~~~~~~~~~~

10. Для user1 задайте перманенто umask, снимающий право чтения для “прочих”.

	Решение: sudo -u user1 echo "umask 004" >> /home/user1/.bashrc – 004 снимает право чтения для прочих

~~~~~~~~~~~~~~~~~~~~~~~~~~~~~~~~~~~~~~~~~~~~~~~~~~~~~~~~~~~~~~~~~~~~~~~~~~~~~~~~~~~~~~~~~~~~~~~~~~~~~~~~~~~~~~~~~~~~~~~~~~~~~~~~~~~~~~~~~~~~~~~~~~~~~~~~~~~~~~~~~~~~~~~~~~~~~~~~~~~~~~~

11. Создайте каждым из пользователей новые файлы в каталоге /opt/share, удалите файлы созданные другим пользователем.

	Решение: заходим с помощью su под каждого пользователя и создаем, а затем удаляем файлы. 
	su user* -> touch user*.txt -> exit. Так для трёх пользователей, затем спокойно удаляем
	с помощью rm user*.txt.

~~~~~~~~~~~~~~~~~~~~~~~~~~~~~~~~~~~~~~~~~~~~~~~~~~~~~~~~~~~~~~~~~~~~~~~~~~~~~~~~~~~~~~~~~~~~~~~~~~~~~~~~~~~~~~~~~~~~~~~~~~~~~~~~~~~~~~~~~~~~~~~~~~~~~~~~~~~~~~~~~~~~~~~~~~~~~~~~~~~~~~~

12. Повторите предыдущий пункт, предварительно установив sticky bit на каталоге /opt/share.

	Решение: Ставим sticky bit при помощи sudo chmod +t /opt/share. Теперь удалять файлы может только super user.

~~~~~~~~~~~~~~~~~~~~~~~~~~~~~~~~~~~~~~~~~~~~~~~~~~~~~~~~~~~~~~~~~~~~~~~~~~~~~~~~~~~~~~~~~~~~~~~~~~~~~~~~~~~~~~~~~~~~~~~~~~~~~~~~~~~~~~~~~~~~~~~~~~~~~~~~~~~~~~~~~~~~~~~~~~~~~~~~~~~~~~~

13. Разрешите user1 выполнять привелигерованную команду dmesg при помощи команды sudo, а user2 – при помощи скрипта на языке bash с установленным флагом SUID.

	Решение: Редактируем файл visudo → добавляем туда user1 ALL=(ALL) /usr/bin/dmesg, затем заходим под user1 с помощью su user1 и проверяем выполнение команды.
	(head -5 использовалось, чтобы просто показать, что доступ есть).
	Для user2, если я правильно понял – не получится с помощью интерпретируемых языков, таких как bash. Ядро просто не позволяет это сделать (безопасность).
	Есть только вариант писать программу на C, тогда возможно получится.

~~~~~~~~~~~~~~~~~~~~~~~~~~~~~~~~~~~~~~~~~~~~~~~~~~~~~~~~~~~~~~~~~~~~~~~~~~~~~~~~~~~~~~~~~~~~~~~~~~~~~~~~~~~~~~~~~~~~~~~~~~~~~~~~~~~~~~~~~~~~~~~~~~~~~~~~~~~~~~~~~~~~~~~~~~~~~~~~~~~~~~~

14. Для всех пользователей user* задайте время действия пароля – 10 дней.

	Решение: chage -M 10 user*

~~~~~~~~~~~~~~~~~~~~~~~~~~~~~~~~~~~~~~~~~~~~~~~~~~~~~~~~~~~~~~~~~~~~~~~~~~~~~~~~~~~~~~~~~~~~~~~~~~~~~~~~~~~~~~~~~~~~~~~~~~~~~~~~~~~~~~~~~~~~~~~~~~~~~~~~~~~~~~~~~~~~~~~~~~~~~~~~~~~~~~~

15. Отредактируйте файл /etc/motd, вписав туда своё имя и фамилию.

	Решение: vi /etc/motd -> S -> Имя Фамилия -> ESC -> :wq. (При подключении к серверу 2 теперь будут отображаться имя и фамилия.

~~~~~~~~~~~~~~~~~~~~~~~~~~~~~~~~~~~~~~~~~~~~~~~~~~~~~~~~~~~~~~~~~~~~~~~~~~~~~~~~~~~~~~~~~~~~~~~~~~~~~~~~~~~~~~~~~~~~~~~~~~~~~~~~~~~~~~~~~~~~~~~~~~~~~~~~~~~~~~~~~~~~~~~~~~~~~~~~~~~~~~~

16. Создайте копию содержимого каталога /etc в каталог /root/etc_backup при помощи команды rsync.

	Решение: rsync -a /etc/ /root/etc_backup/


~~~~~~~~~~~~~~~~~~~~~~~~~~~~~~~~~~~~~~~~~~~~~~~~~~~~~~~~~~~~~~~~~~~~~~~~~~~~~~~~~~~~~~~~~~~~~~~~~~~~~~~~~~~~~~~~~~~~~~~~~~~~~~~~~~~~~~~~~~~~~~~~~~~~~~~~~~~~~~~~~~~~~~~~~~~~~~~~~~~~~~~

17. Заархивируйте содержимое каталога /root/etc_backup архиватором tar, используйте алгоритмы сжатия gzip, bzip2, 7zip, сравните размеры полученных файлов.

	Решение: tar: tar --totals -cvf etc_backup.tar /root/etc_backup/
		 gzip: tar -czvf etc_backup.tar.gz /root/etc_backup/
		 bzip2: tar -cjf etc_backup.tar.bz2 /root/etc_backup/ (устанавливали доп. пакеты)
		 7zip: 7z a etc_backup.7z /root/etc_backup/ (устанавливали доп. пакеты)
	
	Сравнение: -rw-r--r--   1 root root 3471360 Mar 17 11:12 etc_backup.tar
		   -rw-r--r--   1 root root  567888 Mar 17 19:25 etc_backup.tar.bz2
	 	   -rw-r--r--   1 root root  596701 Mar 17 11:17 etc_backup.tar.gz
	           -rw-r--r--   1 root root 4679570 Mar 17 11:29 etc_backup.7z

~~~~~~~~~~~~~~~~~~~~~~~~~~~~~~~~~~~~~~~~~~~~~~~~~~~~~~~~~~~~~~~~~~~~~~~~~~~~~~~~~~~~~~~~~~~~~~~~~~~~~~~~~~~~~~~~~~~~~~~~~~~~~~~~~~~~~~~~~~~~~~~~~~~~~~~~~~~~~~~~~~~~~~~~~~~~~~~~~~~~~~~

18. Отредактируйте файл /etc/motd, вписав туда текущую дату и время, синхронизируйте каталог /root/etc_backup с каталогом /etc при помощи rsync,
    добавьте файл motd в архив, сжатый gzip.

	Решение: echo "Текущая дата и время: $(date '+%Y-%m-%d %H:%M:%S')" | sudo tee /etc/motd

~~~~~~~~~~~~~~~~~~~~~~~~~~~~~~~~~~~~~~~~~~~~~~~~~~~~~~~~~~~~~~~~~~~~~~~~~~~~~~~~~~~~~~~~~~~~~~~~~~~~~~~~~~~~~~~~~~~~~~~~~~~~~~~~~~~~~~~~~~~~~~~~~~~~~~~~~~~~~~~~~~~~~~~~~~~~~~~~~~~~~~~~

19. Сравните содержимое архива, упакованного bzip2 с содержимым каталога /root/etc_backup.

	Решение: diff <(tar -tf /root/etc_backup.tar.bz2 | sort) <(find /root/etc_backup -type f | sed 's|/root/||' | sort)

~~~~~~~~~~~~~~~~~~~~~~~~~~~~~~~~~~~~~~~~~~~~~~~~~~~~~~~~~~~~~~~~~~~~~~~~~~~~~~~~~~~~~~~~~~~~~~~~~~~~~~~~~~~~~~~~~~~~~~~~~~~~~~~~~~~~~~~~~~~~~~~~~~~~~~~~~~~~~~~~~~~~~~~~~~~~~~~~~~~~~~~~

20. Распакуйте архивы etc_backup, упакованные gzip и 7zip в каталоги /root/etc_backup_gzip и /root/etc_backup_7zip, сравните программой diff файлы motd в этих каталогах. 

	Решение: diff /root/etc_backup_gzip/root/etc_backup/etc/motd /root/etc_backup_7zip/etc_backup/etc/motd

~~~~~~~~~~~~~~~~~~~~~~~~~~~~~~~~~~~~~~~~~~~~~~~~~~~~~~~~~~~~~~~~~~~~~~~~~~~~~~~~~~~~~~~~~~~~~~~~~~~~~~~~~~~~~~~~~~~~~~~~~~~~~~~~~~~~~~~~~~~~~~~~~~~~~~~~~~~~~~~~~~~~~~~~~~~~~~~~~~~~~~~~

