Практика №2. Задания. Раздел 2.

~~~~~~~~~~~~~~~~~~~~~~~~~~~~~~~~~~~~~~~~~~~~~~~~~~~~~~~~~~~~~~~~~~~~~~~~~~~~~~~~~~~~~~~~~~~~~~~~~~~~~~~~~~~~~~~~~~~~~~~~~~~~~~~~~~~~~~~~~~~~~~~~~~~~~~~~~~~~~~~~~~~~~~~~~~~~~~~~~~~~~~~~

1. Найдите все записи из лога загрузки, доступного через команду journalctl с опцией -b в первые 20 секунд с момента загрузки, начало загрузки определить автоматически.

	Решение: Узнаём, что сервер был запущен (в нашем случае перезапущен) 12 марта. Поэтому пишем с таким диапазоном. who -b.
		 sudo journalctl -b --since "2026-03-12 08:27:32" --until "2026-03-12 08:27:52".
	
~~~~~~~~~~~~~~~~~~~~~~~~~~~~~~~~~~~~~~~~~~~~~~~~~~~~~~~~~~~~~~~~~~~~~~~~~~~~~~~~~~~~~~~~~~~~~~~~~~~~~~~~~~~~~~~~~~~~~~~~~~~~~~~~~~~~~~~~~~~~~~~~~~~~~~~~~~~~~~~~~~~~~~~~~~~~~~~~~~~~~~~~

2. Используя awk найдите все источники и их сообщения в файле auth.log (найдите его find), в названии источника удалите информацию об идентификаторе процесса при помощи sed, полученныйрезультат отсортируйте по названию источника

	Решение: find / -name "auth.log" -exec awk '{print $2, substr($0, index($0, $3))}' {} \; | sed 's/\[[0-9]*\]//g' | sort

~~~~~~~~~~~~~~~~~~~~~~~~~~~~~~~~~~~~~~~~~~~~~~~~~~~~~~~~~~~~~~~~~~~~~~~~~~~~~~~~~~~~~~~~~~~~~~~~~~~~~~~~~~~~~~~~~~~~~~~~~~~~~~~~~~~~~~~~~~~~~~~~~~~~~~~~~~~~~~~~~~~~~~~~~~~~~~~~~~~~~~~~

3. Для результата из предыдущего пункта найдите количество повторений для каждого источника и выведите их в виде списка «число_повторений источник», 
результат отсортируйте по убыванию количества повторений
	
	Решение: find / -name "auth.log" -exec awk '{print $2, substr($0, index($0, $3))}' {} \; | sed 's/\[[0-9]*\]//g' | sort | awk '{count[$1]++} END {for (source in count) print 
		 count[source], source}' | sort -rn	 

~~~~~~~~~~~~~~~~~~~~~~~~~~~~~~~~~~~~~~~~~~~~~~~~~~~~~~~~~~~~~~~~~~~~~~~~~~~~~~~~~~~~~~~~~~~~~~~~~~~~~~~~~~~~~~~~~~~~~~~~~~~~~~~~~~~~~~~~~~~~~~~~~~~~~~~~~~~~~~~~~~~~~~~~~~~~~~~~~~~~~~~~

4. В файле /etc/passwd найдите всех пользователей в системе, у которых установлен shell /usr/sbin/nologin и выведите их в виде списка: «UID, username, список его групп»,
отсортированный в обратном порядке по UID, cписок групп используйте из файла /etc/group

	Решение: for user in $(grep '/usr/sbin/nologin' /etc/passwd | awk -F: '{print $1}'); do 
    		 uid=$(grep "^$user:" /etc/passwd | cut -d: -f3)
   		 groups $user | sed "s/^/$uid, /" done | sort -rn

~~~~~~~~~~~~~~~~~~~~~~~~~~~~~~~~~~~~~~~~~~~~~~~~~~~~~~~~~~~~~~~~~~~~~~~~~~~~~~~~~~~~~~~~~~~~~~~~~~~~~~~~~~~~~~~~~~~~~~~~~~~~~~~~~~~~~~~~~~~~~~~~~~~~~~~~~~~~~~~~~~~~~~~~~~~~~~~~~~~~~~~~

5. Найдите в результате вывода dmesg все строки, содержащие слово kernel.

	Решение: dmesg | grep 'kernel'

~~~~~~~~~~~~~~~~~~~~~~~~~~~~~~~~~~~~~~~~~~~~~~~~~~~~~~~~~~~~~~~~~~~~~~~~~~~~~~~~~~~~~~~~~~~~~~~~~~~~~~~~~~~~~~~~~~~~~~~~~~~~~~~~~~~~~~~~~~~~~~~~~~~~~~~~~~~~~~~~~~~~~~~~~~~~~~~~~~~~~~~~

6. Подсчитайте количество строк в файле /var/log/kern.log

	Решение: wc -l /var/log/kern.log

~~~~~~~~~~~~~~~~~~~~~~~~~~~~~~~~~~~~~~~~~~~~~~~~~~~~~~~~~~~~~~~~~~~~~~~~~~~~~~~~~~~~~~~~~~~~~~~~~~~~~~~~~~~~~~~~~~~~~~~~~~~~~~~~~~~~~~~~~~~~~~~~~~~~~~~~~~~~~~~~~~~~~~~~~~~~~~~~~~~~~~~~

7. Отформатируйте вывод записей в /var/log/apt/history.log в следующем порядке, построчно: Commandline: … ; Start-Date: … ; End-Date: …

	Решение: awk '/^Commandline:/{c=$0} /^Start-Date:/{s=$0} /^End-Date:/{print c" ; "s" ; "$0; c=""; s=""}' /var/log/apt/history.log

~~~~~~~~~~~~~~~~~~~~~~~~~~~~~~~~~~~~~~~~~~~~~~~~~~~~~~~~~~~~~~~~~~~~~~~~~~~~~~~~~~~~~~~~~~~~~~~~~~~~~~~~~~~~~~~~~~~~~~~~~~~~~~~~~~~~~~~~~~~~~~~~~~~~~~~~~~~~~~~~~~~~~~~~~~~~~~~~~~~~~~~~
