Практика №1. Задания. Раздел 3.

~~~~~~~~~~~~~~~~~~~~~~~~~~~~~~~~~~~~~~~~~~~~~~~~~~~~~~~~~~~~~~~~~~~~~~~~~~~~~~~~~~~~~~~~~~~~~~~~~~~~~~~~~~~~~~~~~~~~~~~~~~~~~~~~~~~~~~~~~~~~~~~~~~~~~~~~~~~~~~~~~~~~~~~~~~~~~~~~~~~~~~~~

1. Создайте иерархию вложенных каталогов D1/D2/D3. 

	Решение: mkdir D1 -> cd D1 -> mkdir D2 -> cd D2 -> mkdir D3

~~~~~~~~~~~~~~~~~~~~~~~~~~~~~~~~~~~~~~~~~~~~~~~~~~~~~~~~~~~~~~~~~~~~~~~~~~~~~~~~~~~~~~~~~~~~~~~~~~~~~~~~~~~~~~~~~~~~~~~~~~~~~~~~~~~~~~~~~~~~~~~~~~~~~~~~~~~~~~~~~~~~~~~~~~~~~~~~~~~~~~~~

3. В каталоге D2 создайте обычный пустой файл file.txt. 

	Решение: В каталоге D2 - touch file.txt

~~~~~~~~~~~~~~~~~~~~~~~~~~~~~~~~~~~~~~~~~~~~~~~~~~~~~~~~~~~~~~~~~~~~~~~~~~~~~~~~~~~~~~~~~~~~~~~~~~~~~~~~~~~~~~~~~~~~~~~~~~~~~~~~~~~~~~~~~~~~~~~~~~~~~~~~~~~~~~~~~~~~~~~~~~~~~~~~~~~~~~~~

4. Добавьте произвольный текст в файл file.txt 

	Решение: В каталоге D2 - echo 'Интересный факт: У всех котят при рождении голубые/светлые глаза, но потом у них меняется цвет' > file.txt

~~~~~~~~~~~~~~~~~~~~~~~~~~~~~~~~~~~~~~~~~~~~~~~~~~~~~~~~~~~~~~~~~~~~~~~~~~~~~~~~~~~~~~~~~~~~~~~~~~~~~~~~~~~~~~~~~~~~~~~~~~~~~~~~~~~~~~~~~~~~~~~~~~~~~~~~~~~~~~~~~~~~~~~~~~~~~~~~~~~~~~~~

5. В каталоге D3 создайте символическую и жесткую ссылки на file.txt 

	Решение: 1) В каталоге D3 - ln -s ~/D1/D2/file.txt simlink.txt. 2) В каталоге D3 - ln ~/D1/D2/file.txt hardlink.txt

~~~~~~~~~~~~~~~~~~~~~~~~~~~~~~~~~~~~~~~~~~~~~~~~~~~~~~~~~~~~~~~~~~~~~~~~~~~~~~~~~~~~~~~~~~~~~~~~~~~~~~~~~~~~~~~~~~~~~~~~~~~~~~~~~~~~~~~~~~~~~~~~~~~~~~~~~~~~~~~~~~~~~~~~~~~~~~~~~~~~~~~~

6. Докажите, что ссылки успешно созданы. 

	Решение: В каталоге D3 - ls -l 
	Вывод: 
	-rw-r--r-- 2 eltex-pg1-v6 eltex-pg1-v6 172 Mar 12 17:01 hardlink.txt
	lrwxrwxrwx 1 eltex-pg1-v6 eltex-pg1-v6  33 Mar 12 17:05 simlink.txt -> /home/eltex-pg1-v6/D1/D2/file.txt
	Выполним cat hardlink.txt и cat simlink.txt -> Результат: отображается текст file.txt
 
~~~~~~~~~~~~~~~~~~~~~~~~~~~~~~~~~~~~~~~~~~~~~~~~~~~~~~~~~~~~~~~~~~~~~~~~~~~~~~~~~~~~~~~~~~~~~~~~~~~~~~~~~~~~~~~~~~~~~~~~~~~~~~~~~~~~~~~~~~~~~~~~~~~~~~~~~~~~~~~~~~~~~~~~~~~~~~~~~~~~~~~~

7. Переместите файл file.txt в каталог D1. 

	Решение: В каталоге D2 выполняем mv file.txt ~/D1

~~~~~~~~~~~~~~~~~~~~~~~~~~~~~~~~~~~~~~~~~~~~~~~~~~~~~~~~~~~~~~~~~~~~~~~~~~~~~~~~~~~~~~~~~~~~~~~~~~~~~~~~~~~~~~~~~~~~~~~~~~~~~~~~~~~~~~~~~~~~~~~~~~~~~~~~~~~~~~~~~~~~~~~~~~~~~~~~~~~~~~~~

8. Проверьте работу ранее созданных ссылок на файл file.txt. Какая ссылка оказалась рабочей и почему?
   
	Ответ: При попытке открыть ссылки с помощью cat мы видим такую картину
          hardlink.txt успешно открывается и мы видим текст. Происходит это из-за свойства жестких ссылок - Она работает как создание нового имени файла,
	  которое ссылается на inode исходного файла, это похоже на создание копии файла.
	  simlink.txt выдает ошибку, так как мы переместили file.txt в другую директорию и тем самым убили ссылку,
	  так как она не работает при перемещении или удалении исходного файла

~~~~~~~~~~~~~~~~~~~~~~~~~~~~~~~~~~~~~~~~~~~~~~~~~~~~~~~~~~~~~~~~~~~~~~~~~~~~~~~~~~~~~~~~~~~~~~~~~~~~~~~~~~~~~~~~~~~~~~~~~~~~~~~~~~~~~~~~~~~~~~~~~~~~~~~~~~~~~~~~~~~~~~~~~~~~~~~~~~~~~~~~

9. Удалите каталог D2 со всем содержимым. 

	Решение: Переходим в каталог D1 и выполняем rm -rf D2

 
~~~~~~~~~~~~~~~~~~~~~~~~~~~~~~~~~~~~~~~~~~~~~~~~~~~~~~~~~~~~~~~~~~~~~~~~~~~~~~~~~~~~~~~~~~~~~~~~~~~~~~~~~~~~~~~~~~~~~~~~~~~~~~~~~~~~~~~~~~~~~~~~~~~~~~~~~~~~~~~~~~~~~~~~~~~~~~~~~~~~~~~~

10. Найдите все файлы в системе размером больше 20МБ. Убедитесь в том (du), что найденные файлы имеют нужный размер. Запишите в файл $USER_part3_gt50M.log список найденных файлов.
  
    Решение: find / -type f -size +20M 2>/dev/null | xargs du -h

~~~~~~~~~~~~~~~~~~~~~~~~~~~~~~~~~~~~~~~~~~~~~~~~~~~~~~~~~~~~~~~~~~~~~~~~~~~~~~~~~~~~~~~~~~~~~~~~~~~~~~~~~~~~~~~~~~~~~~~~~~~~~~~~~~~~~~~~~~~~~~~~~~~~~~~~~~~~~~~~~~~~~~~~~~~~~~~~~~~~~~~~

11. В домашнем каталоге и его подкаталогах найдите обычные файлы, которые
12. были изменены в течение 24х часов

    Решение: find ~ -mtime 0

~~~~~~~~~~~~~~~~~~~~~~~~~~~~~~~~~~~~~~~~~~~~~~~~~~~~~~~~~~~~~~~~~~~~~~~~~~~~~~~~~~~~~~~~~~~~~~~~~~~~~~~~~~~~~~~~~~~~~~~~~~~~~~~~~~~~~~~~~~~~~~~~~~~~~~~~~~~~~~~~~~~~~~~~~~~~~~~~~~~~~~~~

13. В каком каталоге находится команда find?
    
    Решение: which find -> Находится в каталоге /usr/bin

~~~~~~~~~~~~~~~~~~~~~~~~~~~~~~~~~~~~~~~~~~~~~~~~~~~~~~~~~~~~~~~~~~~~~~~~~~~~~~~~~~~~~~~~~~~~~~~~~~~~~~~~~~~~~~~~~~~~~~~~~~~~~~~~~~~~~~~~~~~~~~~~~~~~~~~~~~~~~~~~~~~~~~~~~~~~~~~~~~~~~~~~

14. Определите характер содержимого файла find командой file

    Решение: file /usr/bin/file -> Файл является бинарником

~~~~~~~~~~~~~~~~~~~~~~~~~~~~~~~~~~~~~~~~~~~~~~~~~~~~~~~~~~~~~~~~~~~~~~~~~~~~~~~~~~~~~~~~~~~~~~~~~~~~~~~~~~~~~~~~~~~~~~~~~~~~~~~~~~~~~~~~~~~~~~~~~~~~~~~~~~~~~~~~~~~~~~~~~~~~~~~~~~~~~~~~

15. Установите, к какому типу относятся файлы /boot/initrd.img*

    Решение: file /boot/initrd.img* -> Файлы являются сжатыми образом файловой системы

~~~~~~~~~~~~~~~~~~~~~~~~~~~~~~~~~~~~~~~~~~~~~~~~~~~~~~~~~~~~~~~~~~~~~~~~~~~~~~~~~~~~~~~~~~~~~~~~~~~~~~~~~~~~~~~~~~~~~~~~~~~~~~~~~~~~~~~~~~~~~~~~~~~~~~~~~~~~~~~~~~~~~~~~~~~~~~~~~~~~~~~~

